<?xml version="1.0" encoding="utf-8" standalone="no"?>
<!--This file represents the results of running a test suite-->
<test-results name="D:\U8Zhaoyin\OBA\Cooperativeness\Cooperativeness.Files\Cooperativeness.FileTransfer.Test\bin\Debug\Cooperativeness.FileTransfer.Test.dll" total="1" errors="0" failures="0" not-run="0" inconclusive="0" ignored="0" skipped="0" invalid="0" date="2014-09-02" time="09:58:25">
  <environment nunit-version="2.6.2.12296" clr-version="2.0.50727.3655" os-version="Microsoft Windows NT 5.2.3790 Service Pack 2" platform="Win32NT" cwd="D:\U8Zhaoyin\OBA\Cooperativeness\Cooperativeness.Files\Cooperativeness.FileTransfer.Test\bin\Debug" machine-name="ZHAOYIN" user="zhaoyin3" user-domain="PDOMAIN" />
  <culture-info current-culture="zh-CN" current-uiculture="zh-CN" />
  <test-suite type="Assembly" name="D:\U8Zhaoyin\OBA\Cooperativeness\Cooperativeness.Files\Cooperativeness.FileTransfer.Test\bin\Debug\Cooperativeness.FileTransfer.Test.dll" executed="True" result="Success" success="True" time="71.530" asserts="0">
    <results>
      <test-suite type="Namespace" name="Cooperativeness" executed="True" result="Success" success="True" time="71.530" asserts="0">
        <results>
          <test-suite type="Namespace" name="FileTransfer" executed="True" result="Success" success="True" time="71.530" asserts="0">
            <results>
              <test-suite type="Namespace" name="Test" executed="True" result="Success" success="True" time="71.530" asserts="0">
                <results>
                  <test-suite type="TestFixture" name="ClientServiceTest" executed="True" result="Success" success="True" time="71.530" asserts="0">
                    <results>
                      <test-case name="Cooperativeness.FileTransfer.Test.ClientServiceTest.GetFiles" executed="True" result="Success" success="True" time="71.530" asserts="2" />
                    </results>
                  </test-suite>
                </results>
              </test-suite>
            </results>
          </test-suite>
        </results>
      </test-suite>
    </results>
  </test-suite>
</test-results>